<?xml version="1.0" encoding="UTF-8"?>
<testsuite xmlns:xsi="http://www.w3.org/2001/XMLSchema-instance" xsi:noNamespaceSchemaLocation="https://maven.apache.org/surefire/maven-surefire-plugin/xsd/surefire-test-report-3.0.xsd" version="3.0" name="com.task.TaskManagementApplicationTests" time="8.714" tests="1" errors="0" skipped="0" failures="0">
  <properties>
[...]
</properties>
  <testcase name="contextLoads" classname="com.task.TaskManagementApplicationTests" time="1.584">
    <system-out><![CDATA[17:46:05.970 [main] INFO org.springframework.test.context.support.AnnotationConfigContextLoaderUtils -- Could not detect default configuration classes for test class [com.task.TaskManagementApplicationTests]: TaskManagementApplicationTests does not declare any static, non-private, non-final, nested classes annotated with @Configuration.
17:46:06.074 [main] INFO org.springframework.boot.test.context.SpringBootTestContextBootstrapper -- Found @SpringBootConfiguration com.task.TaskManagementApplication for test class com.task.TaskManagementApplicationTests

  .   ____          _            __ _ _
 /\\ / ___'_ __ _ _(_)_ __  __ _ \ \ \ \
( ( )\___ | '_ | '_| | '_ \/ _` | \ \ \ \
 \\/  ___)| |_)| | | | | || (_| |  ) ) ) )
  '  |____| .__|_| |_|_| |_\__, | / / / /
 =========|_|==============|___/=/_/_/_/
 :: Spring Boot ::                (v3.2.4)

2024-04-17T17:46:06.633+05:30  INFO 15364 --- [TaskManagement] [           main] c.task.TaskManagementApplicationTests    : Starting TaskManagementApplicationTests using Java 22.0.1 with PID 15364 (started by sohail.pasha in D:\Learnings\Intelli J Project\TaskManagement)
2024-04-17T17:46:06.635+05:30  INFO 15364 --- [TaskManagement] [           main] c.task.TaskManagementApplicationTests    : No active profile set, falling back to 1 default profile: "default"
2024-04-17T17:46:07.899+05:30  INFO 15364 --- [TaskManagement] [           main] .s.d.r.c.RepositoryConfigurationDelegate : Bootstrapping Spring Data JPA repositories in DEFAULT mode.
2024-04-17T17:46:08.053+05:30  INFO 15364 --- [TaskManagement] [           main] .s.d.r.c.RepositoryConfigurationDelegate : Finished Spring Data repository scanning in 137 ms. Found 1 JPA repository interface.
2024-04-17T17:46:08.889+05:30  INFO 15364 --- [TaskManagement] [           main] o.hibernate.jpa.internal.util.LogHelper  : HHH000204: Processing PersistenceUnitInfo [name: default]
2024-04-17T17:46:09.093+05:30  INFO 15364 --- [TaskManagement] [           main] org.hibernate.Version                    : HHH000412: Hibernate ORM core version 6.4.4.Final
2024-04-17T17:46:09.150+05:30  INFO 15364 --- [TaskManagement] [           main] o.h.c.internal.RegionFactoryInitiator    : HHH000026: Second-level cache disabled
2024-04-17T17:46:09.555+05:30  INFO 15364 --- [TaskManagement] [           main] o.s.o.j.p.SpringPersistenceUnitInfo      : No LoadTimeWeaver setup: ignoring JPA class transformer
2024-04-17T17:46:09.617+05:30  INFO 15364 --- [TaskManagement] [           main] com.zaxxer.hikari.HikariDataSource       : HikariPool-1 - Starting...
2024-04-17T17:46:10.059+05:30  INFO 15364 --- [TaskManagement] [           main] com.zaxxer.hikari.pool.HikariPool        : HikariPool-1 - Added connection org.postgresql.jdbc.PgConnection@36ad5f2a
2024-04-17T17:46:10.063+05:30  INFO 15364 --- [TaskManagement] [           main] com.zaxxer.hikari.HikariDataSource       : HikariPool-1 - Start completed.
2024-04-17T17:46:11.736+05:30  INFO 15364 --- [TaskManagement] [           main] o.h.e.t.j.p.i.JtaPlatformInitiator       : HHH000489: No JTA platform available (set 'hibernate.transaction.jta.platform' to enable JTA platform integration)
2024-04-17T17:46:11.795+05:30  INFO 15364 --- [TaskManagement] [           main] j.LocalContainerEntityManagerFactoryBean : Initialized JPA EntityManagerFactory for persistence unit 'default'
2024-04-17T17:46:12.356+05:30  WARN 15364 --- [TaskManagement] [           main] JpaBaseConfiguration$JpaWebConfiguration : spring.jpa.open-in-view is enabled by default. Therefore, database queries may be performed during view rendering. Explicitly configure spring.jpa.open-in-view to disable this warning
2024-04-17T17:46:12.909+05:30  INFO 15364 --- [TaskManagement] [           main] c.task.TaskManagementApplicationTests    : Started TaskManagementApplicationTests in 6.699 seconds (process running for 8.079)
]]></system-out>
    <system-err><![CDATA[WARNING: A Java agent has been loaded dynamically (C:\Users\sohail.pasha\.m2\repository\net\bytebuddy\byte-buddy-agent\1.14.12\byte-buddy-agent-1.14.12.jar)
WARNING: If a serviceability tool is in use, please run with -XX:+EnableDynamicAgentLoading to hide this warning
WARNING: If a serviceability tool is not in use, please run with -Djdk.instrument.traceUsage for more information
WARNING: Dynamic loading of agents will be disallowed by default in a future release
]]></system-err>
  </testcase>
</testsuite>